2023-12-20 23:12:959 INFO  BuyPage :65 - mouse hover on Buy n Sell :[[ChromeDriver: chrome on windows (0dc242a9a0132736084507dd9f6f01c0)] -> xpath: //a[normalize-space()='buy + sell']]
2023-12-20 23:12:599 INFO  BuyPage :65 - mouse hover on Buy n Sell :[[ChromeDriver: chrome on windows (a2904833ba01df0820f56669b9cecbf3)] -> xpath: //a[normalize-space()='buy + sell']]
2023-12-20 23:12:290 INFO  BuyPage :65 - mouse hover on Buy n Sell :[[ChromeDriver: chrome on windows (df8a1b2543a7b7700f36d5b86f8def0a)] -> xpath: //a[normalize-space()='buy + sell']]
2023-12-20 23:12:639 INFO  BuyPage :65 - mouse hover on Buy n Sell :[[ChromeDriver: chrome on windows (77e7b907de13d46a6f10160eee2df15e)] -> xpath: //a[normalize-space()='buy + sell']]
2023-12-20 23:12:400 INFO  BuyPage :65 - mouse hover on Buy n Sell :[[ChromeDriver: chrome on windows (3896f53a7abbc465c2d415178ffd25c8)] -> xpath: //a[normalize-space()='buy + sell']]
2023-12-20 23:12:547 INFO  BuyPage :65 - mouse hover on Buy n Sell :[[ChromeDriver: chrome on windows (87cbab16a819ef0ef254b77b480466c7)] -> xpath: //a[normalize-space()='buy + sell']]
2023-12-20 23:12:283 INFO  BuyPage :65 - mouse hover on Buy n Sell :[[ChromeDriver: chrome on windows (17933a0896f66a41e79ed63687bbf90f)] -> xpath: //a[normalize-space()='buy + sell']]
2023-12-20 23:12:577 INFO  BuyPage :65 - mouse hover on Buy n Sell :[[ChromeDriver: chrome on windows (edbe03e5c91ba8600ff7713bf1fd8e23)] -> xpath: //a[normalize-space()='buy + sell']]
2023-12-20 23:12:538 INFO  BuyPage :65 - mouse hover on Buy n Sell :[[ChromeDriver: chrome on windows (bcde984f3815e70da0db947f437e218c)] -> xpath: //a[normalize-space()='buy + sell']]
2023-12-20 23:12:828 INFO  BuyPage :65 - mouse hover on Buy n Sell :[[ChromeDriver: chrome on windows (9160f3ca364c1e05247f13ef81d31c7f)] -> xpath: //a[normalize-space()='buy + sell']]
2023-12-20 23:12:50 INFO  BuyPage :65 - mouse hover on Buy n Sell :[[ChromeDriver: chrome on windows (ac947f8aa931efd16f72566095fcab25)] -> xpath: //a[normalize-space()='buy + sell']]
2023-12-21 00:12:226 INFO  BuyPage :65 - mouse hover on Buy n Sell :[[ChromeDriver: chrome on windows (ba10d1f8e91e3be19e1b0a1fc885fe69)] -> xpath: //a[normalize-space()='buy + sell']]
2023-12-21 00:12:430 INFO  BuyPage :70 - searchCarsLink :[[ChromeDriver: chrome on windows (ba10d1f8e91e3be19e1b0a1fc885fe69)] -> css selector: a[href='/buy-a-car/new-and-used-car-search']]
2023-12-21 00:12:909 INFO  BuyPage :81 - navigateToNewAndUsedSearchCars :[[ChromeDriver: chrome on windows (ba10d1f8e91e3be19e1b0a1fc885fe69)] -> xpath: //label[normalize-space()='All new & used cars']]
2023-12-21 00:12:118 INFO  BuyPage :97 - navigateToNewAndUsedSearchCars :[[ChromeDriver: chrome on windows (ba10d1f8e91e3be19e1b0a1fc885fe69)] -> id: makes]
2023-12-21 00:12:270 INFO  BuyPage :101 - selectModel :[[ChromeDriver: chrome on windows (ba10d1f8e91e3be19e1b0a1fc885fe69)] -> id: makes]
2023-12-21 00:12:429 INFO  BuyPage :105 - selectLocation :[[ChromeDriver: chrome on windows (ba10d1f8e91e3be19e1b0a1fc885fe69)] -> id: locations]
2023-12-21 00:12:566 INFO  BuyPage :109 - selectPrice :[[ChromeDriver: chrome on windows (ba10d1f8e91e3be19e1b0a1fc885fe69)] -> id: priceTo]
2023-12-21 00:12:680 INFO  BuyPage :113 - clickOnFindMyNextCar :[[ChromeDriver: chrome on windows (ba10d1f8e91e3be19e1b0a1fc885fe69)] -> id: search-submit]
2023-12-21 00:12:676 INFO  BuyPage :65 - mouse hover on Buy n Sell :[[ChromeDriver: chrome on windows (1eb9d2265fe213dbb7e721eca91d87c6)] -> xpath: //a[normalize-space()='buy + sell']]
2023-12-21 00:12:886 INFO  BuyPage :70 - searchCarsLink :[[ChromeDriver: chrome on windows (1eb9d2265fe213dbb7e721eca91d87c6)] -> css selector: a[href='/buy-a-car/new-and-used-car-search']]
2023-12-21 00:12:382 INFO  BuyPage :81 - navigateToNewAndUsedSearchCars :[[ChromeDriver: chrome on windows (1eb9d2265fe213dbb7e721eca91d87c6)] -> xpath: //label[normalize-space()='All new & used cars']]
2023-12-21 00:12:598 INFO  BuyPage :97 - navigateToNewAndUsedSearchCars :[[ChromeDriver: chrome on windows (1eb9d2265fe213dbb7e721eca91d87c6)] -> id: makes]
2023-12-21 00:12:762 INFO  BuyPage :101 - selectModel :[[ChromeDriver: chrome on windows (1eb9d2265fe213dbb7e721eca91d87c6)] -> id: makes]
2023-12-21 00:12:944 INFO  BuyPage :105 - selectLocation :[[ChromeDriver: chrome on windows (1eb9d2265fe213dbb7e721eca91d87c6)] -> id: locations]
2023-12-21 00:12:69 INFO  BuyPage :109 - selectPrice :[[ChromeDriver: chrome on windows (1eb9d2265fe213dbb7e721eca91d87c6)] -> id: priceTo]
2023-12-21 00:12:204 INFO  BuyPage :113 - clickOnFindMyNextCar :[[ChromeDriver: chrome on windows (1eb9d2265fe213dbb7e721eca91d87c6)] -> id: search-submit]
2023-12-21 00:12:618 INFO  BuyPage :65 - mouse hover on Buy n Sell :[[ChromeDriver: chrome on windows (847241ac028132c180626a3404f62d2e)] -> xpath: //a[normalize-space()='buy + sell']]
2023-12-21 00:12:829 INFO  BuyPage :70 - searchCarsLink :[[ChromeDriver: chrome on windows (847241ac028132c180626a3404f62d2e)] -> xpath: //a[normalize-space()='Search Cars']]
2023-12-21 00:12:328 INFO  BuyPage :65 - mouse hover on Buy n Sell :[[ChromeDriver: chrome on windows (242a114ac0b6a03987d65af47c03154f)] -> xpath: //a[normalize-space()='buy + sell']]
2023-12-21 00:12:511 INFO  BuyPage :70 - searchCarsLink :[[ChromeDriver: chrome on windows (242a114ac0b6a03987d65af47c03154f)] -> xpath: //a[normalize-space()='Search Cars']]
2023-12-21 00:12:631 INFO  BuyPage :81 - navigateToNewAndUsedSearchCars :Proxy element for: DefaultElementLocator 'By.xpath: //label[normalize-space()='All new & used cars']'
2023-12-21 00:12:522 INFO  BuyPage :65 - mouse hover on Buy n Sell :[[ChromeDriver: chrome on windows (ec2c03f158f75161daaaed598e77c3a9)] -> xpath: //a[normalize-space()='buy + sell']]
2023-12-21 00:12:725 INFO  BuyPage :70 - searchCarsLink :[[ChromeDriver: chrome on windows (ec2c03f158f75161daaaed598e77c3a9)] -> xpath: //a[normalize-space()='Search Cars']]
2023-12-21 00:12:942 INFO  BuyPage :65 - mouse hover on Buy n Sell :[[ChromeDriver: chrome on windows (b58142fa6b0c349d6b6e6241fd75e9e3)] -> xpath: //a[normalize-space()='buy + sell']]
2023-12-21 00:12:111 INFO  BuyPage :70 - searchCarsLink :[[ChromeDriver: chrome on windows (b58142fa6b0c349d6b6e6241fd75e9e3)] -> xpath: //a[normalize-space()='Search Cars']]
2023-12-21 00:12:29 INFO  BuyPage :81 - navigateToNewAndUsedSearchCars :Proxy element for: DefaultElementLocator 'By.xpath: //label[normalize-space()='All new & used cars']'
2023-12-21 00:12:975 INFO  BuyPage :65 - mouse hover on Buy n Sell :[[ChromeDriver: chrome on windows (85d1d5bf3ba56e4e0d18759095d0a814)] -> xpath: //a[normalize-space()='buy + sell']]
2023-12-21 00:12:158 INFO  BuyPage :70 - searchCarsLink :[[ChromeDriver: chrome on windows (85d1d5bf3ba56e4e0d18759095d0a814)] -> xpath: //a[normalize-space()='Search Cars']]
2023-12-21 00:12:468 INFO  BuyPage :81 - navigateToNewAndUsedSearchCars :Proxy element for: DefaultElementLocator 'By.xpath: //label[normalize-space()='All new & used cars']'
2023-12-21 00:12:216 INFO  BuyPage :65 - mouse hover on Buy n Sell :[[ChromeDriver: chrome on windows (f9e17f8c4ddc1d7d608cf555fd0a0534)] -> xpath: //a[normalize-space()='buy + sell']]
2023-12-21 00:12:388 INFO  BuyPage :70 - searchCarsLink :[[ChromeDriver: chrome on windows (f9e17f8c4ddc1d7d608cf555fd0a0534)] -> xpath: //a[normalize-space()='Search Cars']]
2023-12-21 00:12:423 INFO  BuyPage :81 - navigateToNewAndUsedSearchCars :Proxy element for: DefaultElementLocator 'By.xpath: //label[normalize-space()='All new & used cars']'
2023-12-21 00:12:229 INFO  BuyPage :65 - mouse hover on Buy n Sell :[[ChromeDriver: chrome on windows (b75221da3d4a432aefbf8925e625d09c)] -> xpath: //a[normalize-space()='buy + sell']]
2023-12-21 00:12:404 INFO  BuyPage :70 - searchCarsLink :[[ChromeDriver: chrome on windows (b75221da3d4a432aefbf8925e625d09c)] -> xpath: //a[normalize-space()='Search Cars']]
2023-12-21 00:12:305 INFO  BuyPage :81 - navigateToNewAndUsedSearchCars :Proxy element for: DefaultElementLocator 'By.xpath: //label[normalize-space()='All new & used cars']'
2023-12-21 00:12:464 INFO  BuyPage :65 - mouse hover on Buy n Sell :[[ChromeDriver: chrome on windows (2a2514ca97ba97a99be8587123306b0d)] -> xpath: //a[normalize-space()='buy + sell']]
2023-12-21 00:12:679 INFO  BuyPage :70 - searchCarsLink :[[ChromeDriver: chrome on windows (2a2514ca97ba97a99be8587123306b0d)] -> xpath: //a[normalize-space()='Search Cars']]
2023-12-21 00:12:129 INFO  BuyPage :81 - navigateToNewAndUsedSearchCars :[[ChromeDriver: chrome on windows (2a2514ca97ba97a99be8587123306b0d)] -> xpath: //label[normalize-space()='All new & used cars']]
2023-12-21 00:12:277 INFO  BuyPage :97 - navigateToNewAndUsedSearchCars :[[ChromeDriver: chrome on windows (2a2514ca97ba97a99be8587123306b0d)] -> id: makes]
2023-12-21 00:12:440 INFO  BuyPage :101 - selectModel :[[ChromeDriver: chrome on windows (2a2514ca97ba97a99be8587123306b0d)] -> id: makes]
2023-12-21 00:12:590 INFO  BuyPage :105 - selectLocation :[[ChromeDriver: chrome on windows (2a2514ca97ba97a99be8587123306b0d)] -> id: locations]
2023-12-21 00:12:708 INFO  BuyPage :109 - selectPrice :[[ChromeDriver: chrome on windows (2a2514ca97ba97a99be8587123306b0d)] -> id: priceTo]
2023-12-21 00:12:816 INFO  BuyPage :113 - clickOnFindMyNextCar :[[ChromeDriver: chrome on windows (2a2514ca97ba97a99be8587123306b0d)] -> id: search-submit]
2023-12-21 00:12:883 INFO  BuyPage :65 - mouse hover on Buy n Sell :[[ChromeDriver: chrome on windows (4b2f983cbd4dcffd82ed57df6f251abb)] -> xpath: //a[normalize-space()='buy + sell']]
2023-12-21 00:12:76 INFO  BuyPage :70 - searchCarsLink :[[ChromeDriver: chrome on windows (4b2f983cbd4dcffd82ed57df6f251abb)] -> xpath: //a[normalize-space()='Search Cars']]
2023-12-21 00:12:525 INFO  BuyPage :81 - navigateToNewAndUsedSearchCars :[[ChromeDriver: chrome on windows (4b2f983cbd4dcffd82ed57df6f251abb)] -> xpath: //label[normalize-space()='All new & used cars']]
2023-12-21 00:12:797 INFO  BuyPage :97 - navigateToNewAndUsedSearchCars :[[ChromeDriver: chrome on windows (4b2f983cbd4dcffd82ed57df6f251abb)] -> id: makes]
2023-12-21 00:12:938 INFO  BuyPage :101 - selectModel :[[ChromeDriver: chrome on windows (4b2f983cbd4dcffd82ed57df6f251abb)] -> id: makes]
2023-12-21 00:12:136 INFO  BuyPage :105 - selectLocation :[[ChromeDriver: chrome on windows (4b2f983cbd4dcffd82ed57df6f251abb)] -> id: locations]
2023-12-21 00:12:234 INFO  BuyPage :109 - selectPrice :[[ChromeDriver: chrome on windows (4b2f983cbd4dcffd82ed57df6f251abb)] -> id: priceTo]
2023-12-21 00:12:362 INFO  BuyPage :113 - clickOnFindMyNextCar :[[ChromeDriver: chrome on windows (4b2f983cbd4dcffd82ed57df6f251abb)] -> id: search-submit]
2023-12-21 00:12:916 INFO  BuyPage :65 - mouse hover on Buy n Sell :[[ChromeDriver: chrome on windows (f7efce22b01acd43f25dfb4792653861)] -> xpath: //a[normalize-space()='buy + sell']]
2023-12-21 00:12:125 INFO  BuyPage :70 - searchCarsLink :[[ChromeDriver: chrome on windows (f7efce22b01acd43f25dfb4792653861)] -> xpath: //a[normalize-space()='Search Cars']]
2023-12-21 00:12:524 INFO  BuyPage :81 - navigateToNewAndUsedSearchCars :[[ChromeDriver: chrome on windows (f7efce22b01acd43f25dfb4792653861)] -> xpath: //label[normalize-space()='All new & used cars']]
2023-12-21 00:12:550 INFO  BuyPage :97 - navigateToNewAndUsedSearchCars :[[ChromeDriver: chrome on windows (f7efce22b01acd43f25dfb4792653861)] -> id: makes]
2023-12-21 00:12:748 INFO  BuyPage :101 - selectModel :[[ChromeDriver: chrome on windows (f7efce22b01acd43f25dfb4792653861)] -> id: makes]
2023-12-21 00:12:866 INFO  BuyPage :105 - selectLocation :[[ChromeDriver: chrome on windows (f7efce22b01acd43f25dfb4792653861)] -> id: locations]
2023-12-21 00:12:969 INFO  BuyPage :109 - selectPrice :[[ChromeDriver: chrome on windows (f7efce22b01acd43f25dfb4792653861)] -> id: priceTo]
2023-12-21 00:12:68 INFO  BuyPage :113 - clickOnFindMyNextCar :[[ChromeDriver: chrome on windows (f7efce22b01acd43f25dfb4792653861)] -> id: search-submit]
2023-12-21 00:12:268 INFO  BuyPage :65 - mouse hover on Buy n Sell :[[ChromeDriver: chrome on windows (2581317ecb67078829a71ea58fa735e7)] -> xpath: //a[normalize-space()='buy + sell']]
2023-12-21 00:12:449 INFO  BuyPage :70 - searchCarsLink :[[ChromeDriver: chrome on windows (2581317ecb67078829a71ea58fa735e7)] -> xpath: //a[normalize-space()='Search Cars']]
2023-12-21 00:12:879 INFO  BuyPage :81 - navigateToNewAndUsedSearchCars :[[ChromeDriver: chrome on windows (2581317ecb67078829a71ea58fa735e7)] -> xpath: //label[normalize-space()='All new & used cars']]
2023-12-21 00:12:905 INFO  BuyPage :97 - navigateToNewAndUsedSearchCars :[[ChromeDriver: chrome on windows (2581317ecb67078829a71ea58fa735e7)] -> id: makes]
2023-12-21 00:12:179 INFO  BuyPage :101 - selectModel :[[ChromeDriver: chrome on windows (2581317ecb67078829a71ea58fa735e7)] -> id: makes]
2023-12-21 00:12:303 INFO  BuyPage :105 - selectLocation :[[ChromeDriver: chrome on windows (2581317ecb67078829a71ea58fa735e7)] -> id: locations]
2023-12-21 00:12:393 INFO  BuyPage :109 - selectPrice :[[ChromeDriver: chrome on windows (2581317ecb67078829a71ea58fa735e7)] -> id: priceTo]
2023-12-21 00:12:475 INFO  BuyPage :113 - clickOnFindMyNextCar :[[ChromeDriver: chrome on windows (2581317ecb67078829a71ea58fa735e7)] -> id: search-submit]
2023-12-21 00:12:306 INFO  BuyPage :65 - mouse hover on Buy n Sell :[[ChromeDriver: chrome on windows (d10bcc5e9a6d0f1078825179e7576092)] -> xpath: //a[normalize-space()='buy + sell']]
2023-12-21 00:12:473 INFO  BuyPage :70 - searchCarsLink :[[ChromeDriver: chrome on windows (d10bcc5e9a6d0f1078825179e7576092)] -> xpath: //a[normalize-space()='Search Cars']]
2023-12-21 00:12:793 INFO  BuyPage :65 - mouse hover on Buy n Sell :[[ChromeDriver: chrome on windows (398a4825d510329d56a9f9287bedb5ae)] -> xpath: //a[normalize-space()='buy + sell']]
2023-12-21 00:12:969 INFO  BuyPage :70 - searchCarsLink :[[ChromeDriver: chrome on windows (398a4825d510329d56a9f9287bedb5ae)] -> xpath: //a[normalize-space()='Search Cars']]
2023-12-21 00:12:391 INFO  BuyPage :81 - navigateToNewAndUsedSearchCars :Proxy element for: DefaultElementLocator 'By.xpath: //label[normalize-space()='All new & used cars']'
2023-12-21 00:12:596 INFO  BuyPage :65 - mouse hover on Buy n Sell :[[ChromeDriver: chrome on windows (5e8c7560ebd0934a5d4cb6228f512e26)] -> xpath: //a[normalize-space()='buy + sell']]
2023-12-21 00:12:784 INFO  BuyPage :70 - searchCarsLink :[[ChromeDriver: chrome on windows (5e8c7560ebd0934a5d4cb6228f512e26)] -> xpath: //a[normalize-space()='Search Cars']]
2023-12-21 00:12:756 INFO  BuyPage :81 - navigateToNewAndUsedSearchCars :Proxy element for: DefaultElementLocator 'By.xpath: //label[normalize-space()='All new & used cars']'
2023-12-21 00:12:782 INFO  BuyPage :65 - mouse hover on Buy n Sell :[[ChromeDriver: chrome on windows (70f727a3b5e73b45807920af6bfa865f)] -> xpath: //a[normalize-space()='buy + sell']]
2023-12-21 00:12:948 INFO  BuyPage :70 - searchCarsLink :[[ChromeDriver: chrome on windows (70f727a3b5e73b45807920af6bfa865f)] -> xpath: //a[normalize-space()='Search Cars']]
2023-12-21 00:12:845 INFO  BuyPage :81 - navigateToNewAndUsedSearchCars :Proxy element for: DefaultElementLocator 'By.xpath: //label[normalize-space()='All new & used cars']'
2023-12-21 00:12:25 INFO  BuyPage :65 - mouse hover on Buy n Sell :[[ChromeDriver: chrome on windows (710b544286801c63ae95fbcc6b4a6ec6)] -> xpath: //a[normalize-space()='buy + sell']]
2023-12-21 00:12:208 INFO  BuyPage :70 - searchCarsLink :[[ChromeDriver: chrome on windows (710b544286801c63ae95fbcc6b4a6ec6)] -> xpath: //a[normalize-space()='Search Cars']]
2023-12-21 00:12:145 INFO  BuyPage :81 - navigateToNewAndUsedSearchCars :Proxy element for: DefaultElementLocator 'By.xpath: //label[normalize-space()='All new & used cars']'
2023-12-21 00:12:182 INFO  BuyPage :65 - mouse hover on Buy n Sell :[[ChromeDriver: chrome on windows (fa0769e6c0014dcc2e1eb98ecb1be2e5)] -> xpath: //a[normalize-space()='buy + sell']]
2023-12-21 00:12:376 INFO  BuyPage :70 - searchCarsLink :[[ChromeDriver: chrome on windows (fa0769e6c0014dcc2e1eb98ecb1be2e5)] -> xpath: //a[normalize-space()='Search Cars']]
2023-12-21 00:12:596 INFO  BuyPage :81 - navigateToNewAndUsedSearchCars :Proxy element for: DefaultElementLocator 'By.xpath: //label[normalize-space()='All new & used cars']'
2023-12-21 00:12:426 INFO  BuyPage :65 - mouse hover on Buy n Sell :[[ChromeDriver: chrome on windows (0ba99858400fbeaafdbcef22a67376d0)] -> xpath: //a[normalize-space()='buy + sell']]
2023-12-21 00:12:599 INFO  BuyPage :70 - searchCarsLink :[[ChromeDriver: chrome on windows (0ba99858400fbeaafdbcef22a67376d0)] -> xpath: //a[normalize-space()='Search Cars']]
2023-12-21 00:12:603 INFO  BuyPage :81 - navigateToNewAndUsedSearchCars :Proxy element for: DefaultElementLocator 'By.xpath: //label[normalize-space()='All new & used cars']'
2023-12-21 01:12:172 INFO  BuyPage :65 - mouse hover on Buy n Sell :[[ChromeDriver: chrome on windows (889a78f2ff16edb6142801391319a546)] -> xpath: //a[normalize-space()='buy + sell']]
2023-12-21 01:12:406 INFO  BuyPage :70 - searchCarsLink :[[ChromeDriver: chrome on windows (889a78f2ff16edb6142801391319a546)] -> xpath: //a[normalize-space()='Search Cars']]
2023-12-21 01:12:845 INFO  BuyPage :81 - navigateToNewAndUsedSearchCars :[[ChromeDriver: chrome on windows (889a78f2ff16edb6142801391319a546)] -> xpath: //label[normalize-space()='All new & used cars']]
2023-12-21 01:12:993 INFO  BuyPage :97 - navigateToNewAndUsedSearchCars :[[ChromeDriver: chrome on windows (889a78f2ff16edb6142801391319a546)] -> id: makes]
2023-12-21 01:12:147 INFO  BuyPage :101 - selectModel :[[ChromeDriver: chrome on windows (889a78f2ff16edb6142801391319a546)] -> id: makes]
2023-12-21 01:12:286 INFO  BuyPage :105 - selectLocation :[[ChromeDriver: chrome on windows (889a78f2ff16edb6142801391319a546)] -> id: locations]
2023-12-21 01:12:424 INFO  BuyPage :109 - selectPrice :[[ChromeDriver: chrome on windows (889a78f2ff16edb6142801391319a546)] -> id: priceTo]
2023-12-21 01:12:530 INFO  BuyPage :113 - clickOnFindMyNextCar :[[ChromeDriver: chrome on windows (889a78f2ff16edb6142801391319a546)] -> id: search-submit]
2023-12-21 01:12:928 INFO  BuyPage :65 - mouse hover on Buy n Sell :[[ChromeDriver: chrome on windows (dbc276eb3dc3e1432b62349203763b41)] -> xpath: //a[normalize-space()='buy + sell']]
2023-12-21 01:12:101 INFO  BuyPage :70 - searchCarsLink :[[ChromeDriver: chrome on windows (dbc276eb3dc3e1432b62349203763b41)] -> xpath: //a[normalize-space()='Search Cars']]
2023-12-21 01:12:704 INFO  BuyPage :65 - mouse hover on Buy n Sell :[[ChromeDriver: chrome on windows (79035ecb8b92413d0b30f563ba626398)] -> xpath: //a[normalize-space()='buy + sell']]
2023-12-21 01:12:880 INFO  BuyPage :70 - searchCarsLink :[[ChromeDriver: chrome on windows (79035ecb8b92413d0b30f563ba626398)] -> xpath: //a[normalize-space()='Search Cars']]
2023-12-21 01:12:342 INFO  BuyPage :81 - navigateToNewAndUsedSearchCars :[[ChromeDriver: chrome on windows (79035ecb8b92413d0b30f563ba626398)] -> xpath: //label[normalize-space()='All new & used cars']]
2023-12-21 01:12:372 INFO  BuyPage :97 - navigateToNewAndUsedSearchCars :[[ChromeDriver: chrome on windows (79035ecb8b92413d0b30f563ba626398)] -> id: makes]
2023-12-21 01:12:596 INFO  BuyPage :101 - selectModel :[[ChromeDriver: chrome on windows (79035ecb8b92413d0b30f563ba626398)] -> id: makes]
2023-12-21 01:12:707 INFO  BuyPage :105 - selectLocation :[[ChromeDriver: chrome on windows (79035ecb8b92413d0b30f563ba626398)] -> id: locations]
2023-12-21 01:12:801 INFO  BuyPage :109 - selectPrice :[[ChromeDriver: chrome on windows (79035ecb8b92413d0b30f563ba626398)] -> id: priceTo]
2023-12-21 01:12:894 INFO  BuyPage :113 - clickOnFindMyNextCar :[[ChromeDriver: chrome on windows (79035ecb8b92413d0b30f563ba626398)] -> id: search-submit]
2023-12-21 01:12:171 INFO  BuyPage :65 - mouse hover on Buy n Sell :[[ChromeDriver: chrome on windows (495022dbb2a8d98167a7ec8da4b812f4)] -> xpath: //a[normalize-space()='buy + sell']]
2023-12-21 01:12:356 INFO  BuyPage :70 - searchCarsLink :[[ChromeDriver: chrome on windows (495022dbb2a8d98167a7ec8da4b812f4)] -> xpath: //a[normalize-space()='Search Cars']]
2023-12-21 01:12:825 INFO  BuyPage :81 - navigateToNewAndUsedSearchCars :[[ChromeDriver: chrome on windows (495022dbb2a8d98167a7ec8da4b812f4)] -> xpath: //label[normalize-space()='All new & used cars']]
2023-12-21 01:12:851 INFO  BuyPage :97 - navigateToNewAndUsedSearchCars :[[ChromeDriver: chrome on windows (495022dbb2a8d98167a7ec8da4b812f4)] -> id: makes]
2023-12-21 01:12:102 INFO  BuyPage :101 - selectModel :[[ChromeDriver: chrome on windows (495022dbb2a8d98167a7ec8da4b812f4)] -> id: makes]
2023-12-21 01:12:229 INFO  BuyPage :105 - selectLocation :[[ChromeDriver: chrome on windows (495022dbb2a8d98167a7ec8da4b812f4)] -> id: locations]
2023-12-21 01:12:325 INFO  BuyPage :109 - selectPrice :[[ChromeDriver: chrome on windows (495022dbb2a8d98167a7ec8da4b812f4)] -> id: priceTo]
2023-12-21 01:12:434 INFO  BuyPage :113 - clickOnFindMyNextCar :[[ChromeDriver: chrome on windows (495022dbb2a8d98167a7ec8da4b812f4)] -> id: search-submit]
2023-12-21 01:12:529 INFO  BuyPage :65 - mouse hover on Buy n Sell :[[ChromeDriver: chrome on windows (3722715289190f81485ecd39467273d8)] -> xpath: //a[normalize-space()='buy + sell']]
2023-12-21 01:12:704 INFO  BuyPage :70 - searchCarsLink :[[ChromeDriver: chrome on windows (3722715289190f81485ecd39467273d8)] -> xpath: //a[normalize-space()='Search Cars']]
2023-12-21 01:12:88 INFO  BuyPage :81 - navigateToNewAndUsedSearchCars :Proxy element for: DefaultElementLocator 'By.xpath: //label[normalize-space()='All new & used cars']'
2023-12-21 01:12:552 INFO  BuyPage :65 - mouse hover on Buy n Sell :[[ChromeDriver: chrome on windows (34b7f3a2d257736fc2b2f2c3ad577718)] -> xpath: //a[normalize-space()='buy + sell']]
2023-12-21 01:12:727 INFO  BuyPage :70 - searchCarsLink :[[ChromeDriver: chrome on windows (34b7f3a2d257736fc2b2f2c3ad577718)] -> xpath: //a[normalize-space()='Search Cars']]
2023-12-21 01:12:575 INFO  BuyPage :81 - navigateToNewAndUsedSearchCars :Proxy element for: DefaultElementLocator 'By.xpath: //label[normalize-space()='All new & used cars']'
2023-12-21 01:12:642 INFO  BuyPage :65 - mouse hover on Buy n Sell :[[ChromeDriver: chrome on windows (2b09417562a8189fa6adfa87b78ee0a1)] -> xpath: //a[normalize-space()='buy + sell']]
2023-12-21 01:12:807 INFO  BuyPage :70 - searchCarsLink :[[ChromeDriver: chrome on windows (2b09417562a8189fa6adfa87b78ee0a1)] -> xpath: //a[normalize-space()='Search Cars']]
2023-12-21 01:12:648 INFO  BuyPage :81 - navigateToNewAndUsedSearchCars :Proxy element for: DefaultElementLocator 'By.xpath: //label[normalize-space()='All new & used cars']'
2023-12-21 01:12:492 INFO  BuyPage :65 - mouse hover on Buy n Sell :[[ChromeDriver: chrome on windows (6c4a78d3f117add0aa7b7343714d8bd0)] -> xpath: //a[normalize-space()='buy + sell']]
2023-12-21 01:12:663 INFO  BuyPage :70 - searchCarsLink :[[ChromeDriver: chrome on windows (6c4a78d3f117add0aa7b7343714d8bd0)] -> xpath: //a[normalize-space()='Search Cars']]
2023-12-21 01:12:566 INFO  BuyPage :81 - navigateToNewAndUsedSearchCars :Proxy element for: DefaultElementLocator 'By.xpath: //label[normalize-space()='All new & used cars']'
2023-12-21 01:12:597 INFO  BuyPage :65 - mouse hover on Buy n Sell :[[ChromeDriver: chrome on windows (80f366809a28b073bd4609b808118aaf)] -> xpath: //a[normalize-space()='buy + sell']]
2023-12-21 01:12:778 INFO  BuyPage :70 - searchCarsLink :[[ChromeDriver: chrome on windows (80f366809a28b073bd4609b808118aaf)] -> xpath: //a[normalize-space()='Search Cars']]
2023-12-21 01:12:640 INFO  BuyPage :81 - navigateToNewAndUsedSearchCars :Proxy element for: DefaultElementLocator 'By.xpath: //label[normalize-space()='All new & used cars']'
2023-12-21 01:12:562 INFO  BuyPage :65 - mouse hover on Buy n Sell :[[ChromeDriver: chrome on windows (fa24606d799b13bf967f33b6025a0e7f)] -> xpath: //a[normalize-space()='buy + sell']]
2023-12-21 01:12:750 INFO  BuyPage :70 - searchCarsLink :[[ChromeDriver: chrome on windows (fa24606d799b13bf967f33b6025a0e7f)] -> xpath: //a[normalize-space()='Search Cars']]
2023-12-21 01:12:654 INFO  BuyPage :81 - navigateToNewAndUsedSearchCars :Proxy element for: DefaultElementLocator 'By.xpath: //label[normalize-space()='All new & used cars']'
2023-12-21 01:12:917 INFO  BuyPage :65 - mouse hover on Buy n Sell :[[ChromeDriver: chrome on windows (f06afcbac15ba81d367477a6af6f2338)] -> xpath: //a[normalize-space()='buy + sell']]
2023-12-21 01:12:89 INFO  BuyPage :70 - searchCarsLink :[[ChromeDriver: chrome on windows (f06afcbac15ba81d367477a6af6f2338)] -> xpath: //a[normalize-space()='Search Cars']]
2023-12-21 01:12:153 INFO  BuyPage :81 - navigateToNewAndUsedSearchCars :Proxy element for: DefaultElementLocator 'By.xpath: //label[normalize-space()='All new & used cars']'
